<?xml version="1.0" encoding="UTF-8"?>
<testng-results ignored="0" total="2" passed="2" failed="0" skipped="0">
  <reporter-output>
  </reporter-output>
  <suite started-at="2019-04-19T02:38:45Z" name="nopCommerceSuite" finished-at="2019-04-19T02:39:20Z" duration-ms="34500">
    <groups>
    </groups>
    <test started-at="2019-04-19T02:38:45Z" name="Chrometest" finished-at="2019-04-19T02:39:20Z" duration-ms="34500">
      <class name="com.nopCommerce.testCases.TC_AddCustomerTest_003">
        <test-method is-config="true" signature="setup(java.lang.String)[pri:0, instance:com.nopCommerce.testCases.TC_AddCustomerTest_003@47af7f3d]" started-at="2019-04-19T02:38:59Z" name="setup" finished-at="2019-04-19T02:39:04Z" duration-ms="4858" status="PASS">
          <params>
            <param index="0">
              <value>
                <![CDATA[chrome]]>
              </value>
            </param>
          </params>
          <reporter-output>
          </reporter-output>
        </test-method> <!-- setup -->
        <test-method signature="addNewCustomer()[pri:0, instance:com.nopCommerce.testCases.TC_AddCustomerTest_003@47af7f3d]" started-at="2019-04-19T02:39:04Z" name="addNewCustomer" finished-at="2019-04-19T02:39:18Z" duration-ms="13581" status="PASS">
          <reporter-output>
          </reporter-output>
        </test-method> <!-- addNewCustomer -->
        <test-method is-config="true" signature="tearDown()[pri:0, instance:com.nopCommerce.testCases.TC_AddCustomerTest_003@47af7f3d]" started-at="2019-04-19T02:39:18Z" name="tearDown" finished-at="2019-04-19T02:39:20Z" duration-ms="2108" status="PASS">
          <reporter-output>
          </reporter-output>
        </test-method> <!-- tearDown -->
      </class> <!-- com.nopCommerce.testCases.TC_AddCustomerTest_003 -->
      <class name="com.nopCommerce.testCases.TC_LoginTest_001">
        <test-method is-config="true" signature="setup(java.lang.String)[pri:0, instance:com.nopCommerce.testCases.TC_LoginTest_001@74e52303]" started-at="2019-04-19T02:38:46Z" name="setup" finished-at="2019-04-19T02:38:54Z" duration-ms="7792" status="PASS">
          <params>
            <param index="0">
              <value>
                <![CDATA[chrome]]>
              </value>
            </param>
          </params>
          <reporter-output>
          </reporter-output>
        </test-method> <!-- setup -->
        <test-method signature="logintest()[pri:0, instance:com.nopCommerce.testCases.TC_LoginTest_001@74e52303]" started-at="2019-04-19T02:38:54Z" name="logintest" finished-at="2019-04-19T02:38:59Z" duration-ms="5421" status="PASS">
          <reporter-output>
          </reporter-output>
        </test-method> <!-- logintest -->
        <test-method is-config="true" signature="tearDown()[pri:0, instance:com.nopCommerce.testCases.TC_LoginTest_001@74e52303]" started-at="2019-04-19T02:38:59Z" name="tearDown" finished-at="2019-04-19T02:38:59Z" duration-ms="228" status="PASS">
          <reporter-output>
          </reporter-output>
        </test-method> <!-- tearDown -->
      </class> <!-- com.nopCommerce.testCases.TC_LoginTest_001 -->
    </test> <!-- Chrometest -->
  </suite> <!-- nopCommerceSuite -->
</testng-results>
