<?xml version="1.0" encoding="UTF-8"?>
<testng-results ignored="0" total="1" passed="1" failed="0" skipped="0">
  <reporter-output>
  </reporter-output>
  <suite started-at="2019-04-23T19:06:24Z" name="nopCommerceSuite" finished-at="2019-04-23T19:06:37Z" duration-ms="12323">
    <groups>
    </groups>
    <test started-at="2019-04-23T19:06:24Z" name="Chrometest" finished-at="2019-04-23T19:06:37Z" duration-ms="12323">
      <class name="com.nopCommerce.testCases.TC_SearchByEmail_004">
        <test-method is-config="true" signature="setup(java.lang.String)[pri:0, instance:com.nopCommerce.testCases.TC_SearchByEmail_004@6aba2b86]" started-at="2019-04-23T19:06:25Z" name="setup" finished-at="2019-04-23T19:06:30Z" duration-ms="5107" status="PASS">
          <params>
            <param index="0">
              <value>
                <![CDATA[chrome]]>
              </value>
            </param>
          </params>
          <reporter-output>
          </reporter-output>
        </test-method> <!-- setup -->
        <test-method signature="searchbymail()[pri:0, instance:com.nopCommerce.testCases.TC_SearchByEmail_004@6aba2b86]" started-at="2019-04-23T19:06:30Z" name="searchbymail" finished-at="2019-04-23T19:06:37Z" duration-ms="6830" status="PASS">
          <reporter-output>
          </reporter-output>
        </test-method> <!-- searchbymail -->
        <test-method is-config="true" signature="tearDown()[pri:0, instance:com.nopCommerce.testCases.TC_SearchByEmail_004@6aba2b86]" started-at="2019-04-23T19:06:37Z" name="tearDown" finished-at="2019-04-23T19:06:37Z" duration-ms="83" status="PASS">
          <reporter-output>
          </reporter-output>
        </test-method> <!-- tearDown -->
      </class> <!-- com.nopCommerce.testCases.TC_SearchByEmail_004 -->
    </test> <!-- Chrometest -->
  </suite> <!-- nopCommerceSuite -->
</testng-results>
