<?xml version="1.0" encoding="UTF-8"?>
<testng-results skipped="0" failed="0" ignored="0" total="1" passed="1">
  <reporter-output>
  </reporter-output>
  <suite name="nopCommerceSuite" duration-ms="13968" started-at="2019-04-23T18:57:00Z" finished-at="2019-04-23T18:57:13Z">
    <groups>
    </groups>
    <test name="Chrometest" duration-ms="13968" started-at="2019-04-23T18:57:00Z" finished-at="2019-04-23T18:57:13Z">
      <class name="com.nopCommerce.testCases.TC_SearchByEmail_004">
        <test-method status="PASS" signature="setup(java.lang.String)[pri:0, instance:com.nopCommerce.testCases.TC_SearchByEmail_004@7d9d1a19]" name="setup" is-config="true" duration-ms="5857" started-at="2019-04-23T18:57:00Z" finished-at="2019-04-23T18:57:06Z">
          <params>
            <param index="0">
              <value>
                <![CDATA[chrome]]>
              </value>
            </param>
          </params>
          <reporter-output>
          </reporter-output>
        </test-method> <!-- setup -->
        <test-method status="PASS" signature="searchbymail()[pri:0, instance:com.nopCommerce.testCases.TC_SearchByEmail_004@7d9d1a19]" name="searchbymail" duration-ms="7594" started-at="2019-04-23T18:57:06Z" finished-at="2019-04-23T18:57:13Z">
          <reporter-output>
          </reporter-output>
        </test-method> <!-- searchbymail -->
        <test-method status="PASS" signature="tearDown()[pri:0, instance:com.nopCommerce.testCases.TC_SearchByEmail_004@7d9d1a19]" name="tearDown" is-config="true" duration-ms="136" started-at="2019-04-23T18:57:13Z" finished-at="2019-04-23T18:57:13Z">
          <reporter-output>
          </reporter-output>
        </test-method> <!-- tearDown -->
      </class> <!-- com.nopCommerce.testCases.TC_SearchByEmail_004 -->
    </test> <!-- Chrometest -->
  </suite> <!-- nopCommerceSuite -->
</testng-results>
